/biosw/R/4.0.5_deb10/lib/R/bin/exec/R--no-echo--no-restore--file=/var/spool/slurmd/job53857/slurm_script
DRIMSeq age_sex_race_sva start
DRIMSeq load
Total number of tx after filter: 25730
Total number of genes after filter: 9784
DRIMSeq computing precision
! Using a subset of 0.1 genes to estimate common precision !

! Using common_precision = 4.7973 as prec_init !

! Using 0 as a shrinkage factor !

DRIMSeq: fit model
* Fitting the DM model.. 

   Using the regression approach. 

Took 10.0295 seconds.

* Fitting the BB model.. 

   Using the regression approach. 

Took 4.0015 seconds.

R version 4.0.5 (2021-03-31)
Platform: x86_64-pc-linux-gnu (64-bit)
Running under: Debian GNU/Linux 10 (buster)

Matrix products: default
BLAS:   /beegfs/biosw/R/4.0.5_deb10/lib/R/lib/libRblas.so
LAPACK: /beegfs/biosw/R/4.0.5_deb10/lib/R/lib/libRlapack.so

locale:
 [1] LC_CTYPE=en_US.UTF-8       LC_NUMERIC=C              
 [3] LC_TIME=en_US.UTF-8        LC_COLLATE=en_US.UTF-8    
 [5] LC_MONETARY=en_US.UTF-8    LC_MESSAGES=en_US.UTF-8   
 [7] LC_PAPER=en_US.UTF-8       LC_NAME=C                 
 [9] LC_ADDRESS=C               LC_TELEPHONE=C            
[11] LC_MEASUREMENT=en_US.UTF-8 LC_IDENTIFICATION=C       

attached base packages:
[1] stats4    parallel  stats     graphics  grDevices utils     datasets 
[8] methods   base     

other attached packages:
 [1] DEXSeq_1.36.0               RColorBrewer_1.1-2         
 [3] AnnotationDbi_1.52.0        DESeq2_1.30.1              
 [5] SummarizedExperiment_1.20.0 GenomicRanges_1.42.0       
 [7] GenomeInfoDb_1.26.7         IRanges_2.24.1             
 [9] S4Vectors_0.28.1            MatrixGenerics_1.2.1       
[11] matrixStats_0.61.0          Biobase_2.50.0             
[13] BiocGenerics_0.36.1         BiocParallel_1.24.1        
[15] DRIMSeq_1.18.0             

loaded via a namespace (and not attached):
 [1] httr_1.4.2             edgeR_3.32.1           bit64_4.0.5           
 [4] splines_4.0.5          assertthat_0.2.1       askpass_1.1           
 [7] statmod_1.4.36         BiocFileCache_1.14.0   blob_1.2.2            
[10] Rsamtools_2.6.0        GenomeInfoDbData_1.2.4 progress_1.2.2        
[13] pillar_1.6.3           RSQLite_2.2.8          lattice_0.20-44       
[16] glue_1.4.2             limma_3.46.0           XVector_0.30.0        
[19] colorspace_2.0-2       Matrix_1.3-4           plyr_1.8.6            
[22] XML_3.99-0.7           pkgconfig_2.0.3        biomaRt_2.46.3        
[25] genefilter_1.72.1      zlibbioc_1.36.0        purrr_0.3.4           
[28] xtable_1.8-4           scales_1.1.1           openssl_1.4.4         
[31] tibble_3.1.5           annotate_1.68.0        generics_0.1.0        
[34] ggplot2_3.3.5          ellipsis_0.3.2         cachem_1.0.6          
[37] survival_3.2-13        magrittr_2.0.1         crayon_1.4.1          
[40] memoise_2.0.0          fansi_0.5.0            xml2_1.3.2            
[43] hwriter_1.3.2          tools_4.0.5            prettyunits_1.1.1     
[46] hms_1.1.0              lifecycle_1.0.1        stringr_1.4.0         
[49] munsell_0.5.0          locfit_1.5-9.4         DelayedArray_0.16.3   
[52] Biostrings_2.58.0      compiler_4.0.5         rlang_0.4.11          
[55] grid_4.0.5             RCurl_1.98-1.5         rstudioapi_0.13       
[58] rappdirs_0.3.3         bitops_1.0-7           gtable_0.3.0          
[61] curl_4.3.2             DBI_1.1.1              reshape2_1.4.4        
[64] R6_2.5.1               dplyr_1.0.7            fastmap_1.1.0         
[67] bit_4.0.4              utf8_1.2.2             stringi_1.7.4         
[70] Rcpp_1.0.7             vctrs_0.3.8            geneplotter_1.68.0    
[73] dbplyr_2.1.1           tidyselect_1.1.1      
